<?xml version="1.0" encoding="UTF-8"?>
<!-- Generated by org.testng.reporters.JUnitXMLReporter -->
<testsuite hostname="PU2LT0017" ignored="2" name="Test" tests="4" failures="0" timestamp="2021-04-25T17:08:10 IST" time="161.269" errors="0">
  <testcase name="TC_numbersInName" time="94.901" classname="com.ImpactGuru.testProject.TestCase.TC_ValidateNumbersInName"/>
  <testcase name="DonateTC_TDD" time="92.966" classname="com.ImpactGuru.testProject.TestCase.TC_Donate"/>
  <testcase name="TC_InvalidLength" time="101.689" classname="com.ImpactGuru.testProject.TestCase.TC_ValidateName"/>
  <testcase name="DonateTC_TDD" time="50.089" classname="com.ImpactGuru.testProject.TestCase.TC_Donate"/>
  <testcase name="@AfterTest tearDown" time="0.0" classname="com.ImpactGuru.testProject.TestCase.testBase">
    <ignored/>
  </testcase> <!-- @AfterTest tearDown -->
  <testcase name="@AfterTest tearDown" time="0.0" classname="com.ImpactGuru.testProject.TestCase.testBase">
    <ignored/>
  </testcase> <!-- @AfterTest tearDown -->
</testsuite> <!-- Test -->
